2020-03-18 01:36:34,823:INFO:Traceback (most recent call last):
  File "app/scrapers/sheriff_sale.py", line 182, in sanitize_address_data
    street_match.append(re.search(regex_street, row.title()).group(0).rstrip().title())
AttributeError: 'NoneType' object has no attribute 'group'

2020-03-18 01:36:34,823:INFO:'NoneType' object has no attribute 'group'
2020-03-18 01:36:34,823:ERROR:238 THE PROMENADE EDGEWATER NJ 07020
2020-03-18 01:36:34,825:INFO:Traceback (most recent call last):
  File "app/scrapers/sheriff_sale.py", line 182, in sanitize_address_data
    street_match.append(re.search(regex_street, row.title()).group(0).rstrip().title())
AttributeError: 'NoneType' object has no attribute 'group'

2020-03-18 01:36:34,825:INFO:'NoneType' object has no attribute 'group'
2020-03-18 01:36:34,825:ERROR:18 CROOKED HILL OAKLAND NJ 07436
2020-03-18 01:36:34,827:INFO:Traceback (most recent call last):
  File "app/scrapers/sheriff_sale.py", line 182, in sanitize_address_data
    street_match.append(re.search(regex_street, row.title()).group(0).rstrip().title())
AttributeError: 'NoneType' object has no attribute 'group'

2020-03-18 01:36:34,827:INFO:'NoneType' object has no attribute 'group'
2020-03-18 01:36:34,827:ERROR:15-01 BROADWAY UNIT 24 FAIR LAWN NJ 07410
2020-03-18 01:36:34,831:INFO:Traceback (most recent call last):
  File "app/scrapers/sheriff_sale.py", line 182, in sanitize_address_data
    street_match.append(re.search(regex_street, row.title()).group(0).rstrip().title())
AttributeError: 'NoneType' object has no attribute 'group'

2020-03-18 01:36:34,831:INFO:'NoneType' object has no attribute 'group'
2020-03-18 01:36:34,831:ERROR:388 PATHWAY MANOR WYCKOFF NJ 07481
2020-03-18 01:36:34,834:INFO:Traceback (most recent call last):
  File "app/scrapers/sheriff_sale.py", line 183, in sanitize_address_data
    city_match.append(re.search(regex_city, row.title()).group(1))
AttributeError: 'NoneType' object has no attribute 'group'

2020-03-18 01:36:34,834:INFO:'NoneType' object has no attribute 'group'
2020-03-18 01:36:34,834:ERROR:28 HOOVER STREET NOTRH ARLINGTON NJ
2020-03-18 01:36:34,842:INFO:Traceback (most recent call last):
  File "app/scrapers/sheriff_sale.py", line 182, in sanitize_address_data
    street_match.append(re.search(regex_street, row.title()).group(0).rstrip().title())
AttributeError: 'NoneType' object has no attribute 'group'

2020-03-18 01:36:34,842:INFO:'NoneType' object has no attribute 'group'
2020-03-18 01:36:34,842:ERROR:247 THE PROMENADE EDGEWATER NJ 07020
2020-03-18 01:36:34,844:INFO:Traceback (most recent call last):
  File "app/scrapers/sheriff_sale.py", line 182, in sanitize_address_data
    street_match.append(re.search(regex_street, row.title()).group(0).rstrip().title())
AttributeError: 'NoneType' object has no attribute 'group'

2020-03-18 01:36:34,844:INFO:'NoneType' object has no attribute 'group'
2020-03-18 01:36:34,844:ERROR:18 SKY TOP RIDGE OAKLAND NJ 07436
2020-03-18 01:36:34,853:INFO:Traceback (most recent call last):
  File "app/scrapers/sheriff_sale.py", line 182, in sanitize_address_data
    street_match.append(re.search(regex_street, row.title()).group(0).rstrip().title())
AttributeError: 'NoneType' object has no attribute 'group'

2020-03-18 01:36:34,854:INFO:'NoneType' object has no attribute 'group'
2020-03-18 01:36:34,854:ERROR:2 HIDDEN GORGE OAKLAND NJ 07436
2020-03-18 01:36:34,856:INFO:Traceback (most recent call last):
  File "app/scrapers/sheriff_sale.py", line 182, in sanitize_address_data
    street_match.append(re.search(regex_street, row.title()).group(0).rstrip().title())
AttributeError: 'NoneType' object has no attribute 'group'

2020-03-18 01:36:34,856:INFO:'NoneType' object has no attribute 'group'
2020-03-18 01:36:34,856:ERROR:10 HENION GARDEN MAHWAH NJ 07430
2020-03-18 01:36:34,859:INFO:Traceback (most recent call last):
  File "app/scrapers/sheriff_sale.py", line 182, in sanitize_address_data
    street_match.append(re.search(regex_street, row.title()).group(0).rstrip().title())
AttributeError: 'NoneType' object has no attribute 'group'

2020-03-18 01:36:34,859:INFO:'NoneType' object has no attribute 'group'
2020-03-18 01:36:34,860:ERROR:241 THE PROMENADE EDGEWATER NJ 07020
